[17-Dec-2024 09:32:40 UTC] PHP Warning:  mysqli_real_connect(): (HY000/1045): Access denied for user 'testbds'@'localhost' (using password: YES) in D:\bds\wp-includes\wp-db.php on line 1603
[17-Dec-2024 09:32:44 UTC] PHP Warning:  mysqli_real_connect(): (HY000/1045): Access denied for user 'testbds'@'localhost' (using password: YES) in D:\bds\wp-includes\wp-db.php on line 1603
[17-Dec-2024 09:32:44 UTC] PHP Warning:  mysqli_real_connect(): (HY000/1045): Access denied for user 'testbds'@'localhost' (using password: YES) in D:\bds\wp-includes\wp-db.php on line 1603
[17-Dec-2024 09:32:45 UTC] PHP Warning:  mysqli_real_connect(): (HY000/1045): Access denied for user 'testbds'@'localhost' (using password: YES) in D:\bds\wp-includes\wp-db.php on line 1603
[17-Dec-2024 09:32:45 UTC] PHP Warning:  mysqli_real_connect(): (HY000/1045): Access denied for user 'testbds'@'localhost' (using password: YES) in D:\bds\wp-includes\wp-db.php on line 1603
[17-Dec-2024 09:32:45 UTC] PHP Warning:  mysqli_real_connect(): (HY000/1045): Access denied for user 'testbds'@'localhost' (using password: YES) in D:\bds\wp-includes\wp-db.php on line 1603
[17-Dec-2024 09:32:45 UTC] PHP Warning:  mysqli_real_connect(): (HY000/1045): Access denied for user 'testbds'@'localhost' (using password: YES) in D:\bds\wp-includes\wp-db.php on line 1603
[17-Dec-2024 09:32:45 UTC] PHP Warning:  mysqli_real_connect(): (HY000/1045): Access denied for user 'testbds'@'localhost' (using password: YES) in D:\bds\wp-includes\wp-db.php on line 1603
[17-Dec-2024 09:32:45 UTC] PHP Warning:  mysqli_real_connect(): (HY000/1045): Access denied for user 'testbds'@'localhost' (using password: YES) in D:\bds\wp-includes\wp-db.php on line 1603
[17-Dec-2024 09:32:46 UTC] PHP Warning:  mysqli_real_connect(): (HY000/1045): Access denied for user 'testbds'@'localhost' (using password: YES) in D:\bds\wp-includes\wp-db.php on line 1603
[17-Dec-2024 09:32:46 UTC] PHP Warning:  mysqli_real_connect(): (HY000/1045): Access denied for user 'testbds'@'localhost' (using password: YES) in D:\bds\wp-includes\wp-db.php on line 1603
[17-Dec-2024 09:32:46 UTC] PHP Warning:  mysqli_real_connect(): (HY000/1045): Access denied for user 'testbds'@'localhost' (using password: YES) in D:\bds\wp-includes\wp-db.php on line 1603
[17-Dec-2024 09:32:46 UTC] PHP Warning:  mysqli_real_connect(): (HY000/1045): Access denied for user 'testbds'@'localhost' (using password: YES) in D:\bds\wp-includes\wp-db.php on line 1603
[17-Dec-2024 09:32:46 UTC] PHP Warning:  mysqli_real_connect(): (HY000/1045): Access denied for user 'testbds'@'localhost' (using password: YES) in D:\bds\wp-includes\wp-db.php on line 1603
[17-Dec-2024 09:32:47 UTC] PHP Warning:  mysqli_real_connect(): (HY000/1045): Access denied for user 'testbds'@'localhost' (using password: YES) in D:\bds\wp-includes\wp-db.php on line 1603
[17-Dec-2024 09:32:47 UTC] PHP Warning:  mysqli_real_connect(): (HY000/1045): Access denied for user 'testbds'@'localhost' (using password: YES) in D:\bds\wp-includes\wp-db.php on line 1603
[17-Dec-2024 09:32:47 UTC] PHP Warning:  mysqli_real_connect(): (HY000/1045): Access denied for user 'testbds'@'localhost' (using password: YES) in D:\bds\wp-includes\wp-db.php on line 1603
[17-Dec-2024 09:32:47 UTC] PHP Warning:  mysqli_real_connect(): (HY000/1045): Access denied for user 'testbds'@'localhost' (using password: YES) in D:\bds\wp-includes\wp-db.php on line 1603
[17-Dec-2024 09:32:47 UTC] PHP Warning:  mysqli_real_connect(): (HY000/1045): Access denied for user 'testbds'@'localhost' (using password: YES) in D:\bds\wp-includes\wp-db.php on line 1603
[17-Dec-2024 09:32:48 UTC] PHP Warning:  mysqli_real_connect(): (HY000/1045): Access denied for user 'testbds'@'localhost' (using password: YES) in D:\bds\wp-includes\wp-db.php on line 1603
[17-Dec-2024 09:32:48 UTC] PHP Warning:  mysqli_real_connect(): (HY000/1045): Access denied for user 'testbds'@'localhost' (using password: YES) in D:\bds\wp-includes\wp-db.php on line 1603
[17-Dec-2024 09:32:48 UTC] PHP Warning:  mysqli_real_connect(): (HY000/1045): Access denied for user 'testbds'@'localhost' (using password: YES) in D:\bds\wp-includes\wp-db.php on line 1603
[17-Dec-2024 09:32:48 UTC] PHP Warning:  mysqli_real_connect(): (HY000/1045): Access denied for user 'testbds'@'localhost' (using password: YES) in D:\bds\wp-includes\wp-db.php on line 1603
[17-Dec-2024 09:32:48 UTC] PHP Warning:  mysqli_real_connect(): (HY000/1045): Access denied for user 'testbds'@'localhost' (using password: YES) in D:\bds\wp-includes\wp-db.php on line 1603
[17-Dec-2024 09:32:48 UTC] PHP Warning:  mysqli_real_connect(): (HY000/1045): Access denied for user 'testbds'@'localhost' (using password: YES) in D:\bds\wp-includes\wp-db.php on line 1603
[17-Dec-2024 09:32:49 UTC] PHP Warning:  mysqli_real_connect(): (HY000/1045): Access denied for user 'testbds'@'localhost' (using password: YES) in D:\bds\wp-includes\wp-db.php on line 1603
[17-Dec-2024 12:54:36 UTC] PHP Warning:  mysqli_real_connect(): php_network_getaddresses: getaddrinfo failed: No such host is known.  in D:\bds\wp-includes\wp-db.php on line 1603
[17-Dec-2024 12:54:36 UTC] PHP Warning:  mysqli_real_connect(): (HY000/2002): php_network_getaddresses: getaddrinfo failed: No such host is known.  in D:\bds\wp-includes\wp-db.php on line 1603
[17-Dec-2024 12:54:40 UTC] PHP Warning:  mysqli_real_connect(): php_network_getaddresses: getaddrinfo failed: No such host is known.  in D:\bds\wp-includes\wp-db.php on line 1603
[17-Dec-2024 12:54:40 UTC] PHP Warning:  mysqli_real_connect(): (HY000/2002): php_network_getaddresses: getaddrinfo failed: No such host is known.  in D:\bds\wp-includes\wp-db.php on line 1603
[18-Dec-2024 00:54:50 UTC] PHP Warning:  mysqli_real_connect(): php_network_getaddresses: getaddrinfo failed: No such host is known.  in D:\Main_Xampp\htdocs\bds\wp-includes\wp-db.php on line 1603
[18-Dec-2024 00:54:50 UTC] PHP Warning:  mysqli_real_connect(): (HY000/2002): php_network_getaddresses: getaddrinfo failed: No such host is known.  in D:\Main_Xampp\htdocs\bds\wp-includes\wp-db.php on line 1603
[18-Dec-2024 00:54:58 UTC] PHP Warning:  mysqli_real_connect(): php_network_getaddresses: getaddrinfo failed: No such host is known.  in D:\Main_Xampp\htdocs\bds\wp-includes\wp-db.php on line 1603
[18-Dec-2024 00:54:58 UTC] PHP Warning:  mysqli_real_connect(): (HY000/2002): php_network_getaddresses: getaddrinfo failed: No such host is known.  in D:\Main_Xampp\htdocs\bds\wp-includes\wp-db.php on line 1603
[18-Dec-2024 00:55:17 UTC] PHP Warning:  mysqli_real_connect(): php_network_getaddresses: getaddrinfo failed: No such host is known.  in D:\Main_Xampp\htdocs\bds\wp-includes\wp-db.php on line 1603
[18-Dec-2024 00:55:17 UTC] PHP Warning:  mysqli_real_connect(): (HY000/2002): php_network_getaddresses: getaddrinfo failed: No such host is known.  in D:\Main_Xampp\htdocs\bds\wp-includes\wp-db.php on line 1603
[18-Dec-2024 00:55:22 UTC] PHP Warning:  mysqli_real_connect(): php_network_getaddresses: getaddrinfo failed: No such host is known.  in D:\Main_Xampp\htdocs\bds\wp-includes\wp-db.php on line 1603
[18-Dec-2024 00:55:22 UTC] PHP Warning:  mysqli_real_connect(): (HY000/2002): php_network_getaddresses: getaddrinfo failed: No such host is known.  in D:\Main_Xampp\htdocs\bds\wp-includes\wp-db.php on line 1603
[18-Dec-2024 00:57:30 UTC] PHP Warning:  mysqli_real_connect(): php_network_getaddresses: getaddrinfo failed: No such host is known.  in D:\Main_Xampp\htdocs\bds\wp-includes\wp-db.php on line 1603
[18-Dec-2024 00:57:30 UTC] PHP Warning:  mysqli_real_connect(): (HY000/2002): php_network_getaddresses: getaddrinfo failed: No such host is known.  in D:\Main_Xampp\htdocs\bds\wp-includes\wp-db.php on line 1603
[18-Dec-2024 03:02:03 UTC] PHP Warning:  mysqli_real_connect(): php_network_getaddresses: getaddrinfo failed: No such host is known.  in D:\Main_Xampp\htdocs\bds\wp-includes\wp-db.php on line 1603
[18-Dec-2024 03:02:03 UTC] PHP Warning:  mysqli_real_connect(): (HY000/2002): php_network_getaddresses: getaddrinfo failed: No such host is known.  in D:\Main_Xampp\htdocs\bds\wp-includes\wp-db.php on line 1603
[18-Dec-2024 03:02:09 UTC] PHP Warning:  mysqli_real_connect(): php_network_getaddresses: getaddrinfo failed: No such host is known.  in D:\Main_Xampp\htdocs\bds\wp-includes\wp-db.php on line 1603
[18-Dec-2024 03:02:09 UTC] PHP Warning:  mysqli_real_connect(): (HY000/2002): php_network_getaddresses: getaddrinfo failed: No such host is known.  in D:\Main_Xampp\htdocs\bds\wp-includes\wp-db.php on line 1603
[18-Dec-2024 03:06:18 UTC] PHP Warning:  mysqli_real_connect(): php_network_getaddresses: getaddrinfo failed: No such host is known.  in D:\Main_Xampp\htdocs\bds\wp-includes\wp-db.php on line 1603
[18-Dec-2024 03:06:18 UTC] PHP Warning:  mysqli_real_connect(): (HY000/2002): php_network_getaddresses: getaddrinfo failed: No such host is known.  in D:\Main_Xampp\htdocs\bds\wp-includes\wp-db.php on line 1603
[18-Dec-2024 03:06:21 UTC] PHP Warning:  mysqli_real_connect(): php_network_getaddresses: getaddrinfo failed: No such host is known.  in D:\Main_Xampp\htdocs\bds\wp-includes\wp-db.php on line 1603
[18-Dec-2024 03:06:21 UTC] PHP Warning:  mysqli_real_connect(): (HY000/2002): php_network_getaddresses: getaddrinfo failed: No such host is known.  in D:\Main_Xampp\htdocs\bds\wp-includes\wp-db.php on line 1603
[18-Dec-2024 03:07:37 UTC] PHP Warning:  mysqli_real_connect(): php_network_getaddresses: getaddrinfo failed: No such host is known.  in D:\Main_Xampp\htdocs\bds\wp-includes\wp-db.php on line 1603
[18-Dec-2024 03:07:37 UTC] PHP Warning:  mysqli_real_connect(): (HY000/2002): php_network_getaddresses: getaddrinfo failed: No such host is known.  in D:\Main_Xampp\htdocs\bds\wp-includes\wp-db.php on line 1603
[18-Dec-2024 03:08:33 UTC] PHP Warning:  mysqli_real_connect(): Error while reading greeting packet. PID=10960 in D:\Main_Xampp\htdocs\bds\wp-includes\wp-db.php on line 1603
[18-Dec-2024 03:08:33 UTC] PHP Warning:  mysqli_real_connect(): (HY000/2006): MySQL server has gone away in D:\Main_Xampp\htdocs\bds\wp-includes\wp-db.php on line 1603
[18-Dec-2024 03:08:33 UTC] PHP Fatal error:  Maximum execution time of 120 seconds exceeded in D:\Main_Xampp\htdocs\bds\wp-includes\wp-db.php on line 1603
[18-Dec-2024 03:09:31 UTC] PHP Warning:  mysqli_real_connect(): Error while reading greeting packet. PID=10960 in D:\Main_Xampp\htdocs\bds\wp-includes\wp-db.php on line 1603
[18-Dec-2024 03:09:31 UTC] PHP Warning:  mysqli_real_connect(): (HY000/2006): MySQL server has gone away in D:\Main_Xampp\htdocs\bds\wp-includes\wp-db.php on line 1603
[18-Dec-2024 03:09:31 UTC] PHP Fatal error:  Maximum execution time of 120 seconds exceeded in D:\Main_Xampp\htdocs\bds\wp-includes\wp-db.php on line 1603
[18-Dec-2024 03:41:30 UTC] PHP Warning:  mysqli_real_connect(): php_network_getaddresses: getaddrinfo failed: No such host is known.  in D:\Main_Xampp\htdocs\bds\wp-includes\wp-db.php on line 1603
[18-Dec-2024 03:41:30 UTC] PHP Warning:  mysqli_real_connect(): (HY000/2002): php_network_getaddresses: getaddrinfo failed: No such host is known.  in D:\Main_Xampp\htdocs\bds\wp-includes\wp-db.php on line 1603
[18-Dec-2024 03:46:45 UTC] PHP Warning:  mysqli_real_connect(): Error while reading greeting packet. PID=10960 in D:\Main_Xampp\htdocs\bds\wp-includes\wp-db.php on line 1603
[18-Dec-2024 03:46:45 UTC] PHP Warning:  mysqli_real_connect(): (HY000/2006): MySQL server has gone away in D:\Main_Xampp\htdocs\bds\wp-includes\wp-db.php on line 1603
[18-Dec-2024 03:46:45 UTC] PHP Fatal error:  Maximum execution time of 120 seconds exceeded in D:\Main_Xampp\htdocs\bds\wp-includes\wp-db.php on line 1603
